<?xml version="1.0" encoding="UTF-8"?>
<!-- Generated by org.testng.reporters.JUnitXMLReporter -->
<testsuite ignored="0" hostname="DESKTOP-SVA95V5" failures="0" tests="1" name="Test-Edge" time="277.84" errors="0" timestamp="2023-12-21T19:07:29 IST">
  <testcase classname="testNG.CreateContactTestUsingBaseClass" name="creatContactWithMandatoryField" time="0.0">
    <skipped/>
  </testcase> <!-- creatContactWithMandatoryField -->
</testsuite> <!-- Test-Edge -->
