<?xml version="1.0" encoding="UTF-8"?>
<!-- Generated by org.testng.reporters.JUnitReportReporter -->
<testsuite hostname="DESKTOP-SVA95V5" failures="0" tests="1" name="testNG.TestNGPractice" time="0.041" errors="0" timestamp="2023-12-14T18:38:11 IST" skipped="0">
  <testcase classname="testNG.TestNGPractice" name="print" time="0.041"/>
  <system-out/>
</testsuite> <!-- testNG.TestNGPractice -->
