<?xml version="1.0" encoding="UTF-8"?>
<!-- Generated by org.testng.reporters.JUnitReportReporter -->
<testsuite hostname="DESKTOP-SVA95V5" failures="0" tests="1" name="testNG.GenericUtilityPracticeTest" time="1.388" errors="0" timestamp="2023-12-14T19:05:25 IST" skipped="0">
  <testcase classname="testNG.GenericUtilityPracticeTest" name="genericUtilityPractice" time="1.388"/>
  <system-out/>
</testsuite> <!-- testNG.GenericUtilityPracticeTest -->
