<?xml version="1.0" encoding="UTF-8"?>
<!-- Generated by org.testng.reporters.JUnitReportReporter -->
<testsuite hostname="DESKTOP-SVA95V5" failures="0" tests="1" name="testNG.GenericMethodPracticeTest" time="0.043" errors="0" timestamp="2023-12-14T18:59:47 IST" skipped="0">
  <testcase classname="testNG.GenericMethodPracticeTest" name="genericMethodPractice" time="0.043"/>
  <system-out/>
</testsuite> <!-- testNG.GenericMethodPracticeTest -->
