<?xml version="1.0" encoding="UTF-8"?>
<!-- Generated by org.testng.reporters.JUnitReportReporter -->
<testsuite hostname="DESKTOP-SVA95V5" failures="0" tests="1" name="testNG.CreateContactTestUsingBaseClass" time="175.446" errors="0" timestamp="2023-12-21T17:59:19 IST" skipped="0">
  <testcase classname="testNG.CreateContactTestUsingBaseClass" name="creatContactWithMandatoryField" time="175.446"/>
</testsuite> <!-- testNG.CreateContactTestUsingBaseClass -->
