<?xml version="1.0" encoding="UTF-8"?>
<!-- Generated by org.testng.reporters.JUnitReportReporter -->
<testsuite hostname="DESKTOP-SVA95V5" failures="0" tests="1" name="testNG.CreatContactTest" time="318.756" errors="0" timestamp="2023-12-21T17:59:19 IST" skipped="0">
  <testcase classname="testNG.CreatContactTest" name="creatContactWithMandatoryField" time="318.756"/>
</testsuite> <!-- testNG.CreatContactTest -->
