<?xml version="1.0" encoding="UTF-8"?>
<!-- Generated by org.testng.reporters.JUnitReportReporter -->
<testsuite hostname="DESKTOP-SVA95V5" failures="0" tests="3" name="testNG.TestNGPracticeInvocation" time="0.083" errors="0" timestamp="2023-12-15T17:31:59 IST" skipped="0">
  <testcase classname="testNG.TestNGPracticeInvocation" name="createContact" time="0.003"/>
  <system-out/>
  <testcase classname="testNG.TestNGPracticeInvocation" name="createContact" time="0.005"/>
  <system-out/>
  <testcase classname="testNG.TestNGPracticeInvocation" name="createContact" time="0.075"/>
  <system-out/>
</testsuite> <!-- testNG.TestNGPracticeInvocation -->
