<?xml version="1.0" encoding="UTF-8"?>
<!-- Generated by org.testng.reporters.JUnitReportReporter -->
<testsuite hostname="DESKTOP-SVA95V5" failures="0" tests="6" name="testNG.TestNGPracticePriority" time="0.087" errors="0" timestamp="2023-12-15T17:33:11 IST" skipped="0">
  <testcase classname="testNG.TestNGPracticePriority" name="deleteContact3" time="0.052"/>
  <system-out/>
  <testcase classname="testNG.TestNGPracticePriority" name="deleteContact2" time="0.004"/>
  <system-out/>
  <testcase classname="testNG.TestNGPracticePriority" name="deleteContact1" time="0.014"/>
  <system-out/>
  <testcase classname="testNG.TestNGPracticePriority" name="createContact" time="0.004"/>
  <system-out/>
  <testcase classname="testNG.TestNGPracticePriority" name="modifyContact" time="0.004"/>
  <system-out/>
  <testcase classname="testNG.TestNGPracticePriority" name="deleteContact" time="0.009"/>
  <system-out/>
</testsuite> <!-- testNG.TestNGPracticePriority -->
